08:08:22 05:19:34:PM: INFO: ****************Test_001_Login**********************
08:08:22 05:19:43:PM: INFO: ****************Test_001_Login**********************
08:08:22 05:19:51:PM: INFO: ****************passed**************
08:09:22 12:36:40:PM: INFO: ****************Test_001_Login**********************
08:09:22 12:36:48:PM: INFO: ****************passed**************
08:09:22 12:37:04:PM: INFO: ****************Test_001_Login**********************
08:09:22 12:37:10:PM: INFO: ****************passed**************
08:09:22 12:55:02:PM: INFO: ****************Test_001_Login**********************
08:09:22 12:57:35:PM: INFO: ****************Test_001_Login**********************
08:09:22 12:57:41:PM: INFO: ****************passed**************
08:09:22 01:02:14:PM: INFO: ====== WebDriver manager ======
08:09:22 01:02:15:PM: INFO: Current firefox version is 103.0
08:09:22 01:02:15:PM: INFO: Get LATEST geckodriver version for 103.0 firefox
08:09:22 01:02:16:PM: INFO: There is no [win64] geckodriver for browser 103.0 in cache
08:09:22 01:02:16:PM: INFO: Getting latest mozilla release info for v0.31.0
08:09:22 01:02:16:PM: INFO: About to download new driver from https://github.com/mozilla/geckodriver/releases/download/v0.31.0/geckodriver-v0.31.0-win64.zip
08:09:22 01:02:18:PM: INFO: Driver has been saved in cache [C:\Users\Abhai\.wdm\drivers\geckodriver\win64\v0.31.0]
08:09:22 02:19:30:PM: INFO: ****************Test_001_Login**********************
08:09:22 02:19:36:PM: INFO: ****************passed**************
08:09:22 04:22:13:PM: INFO: ****************Test_001_Login**********************
08:09:22 04:24:08:PM: INFO: ****************Test_001_Login**********************
08:09:22 04:24:53:PM: INFO: ****************Test_001_Login**********************
08:09:22 04:25:00:PM: INFO: ****************passed**************
08:09:22 04:26:41:PM: INFO: ****************Test_001_Login**********************
08:09:22 04:26:46:PM: INFO: ****************passed**************
08:10:22 04:50:51:PM: INFO: ****************Test_001_Login_ddt**********************
08:10:22 04:51:00:PM: INFO: ******passed*****
08:10:22 04:59:39:PM: INFO: ****************Test_001_Login_ddt**********************
08:10:22 04:59:48:PM: INFO: ******passed*****
08:10:22 05:01:13:PM: INFO: ****************Test_001_Login_ddt**********************
08:10:22 05:01:22:PM: INFO: ******passed*****
08:10:22 05:07:23:PM: INFO: ****************Test_001_Login_ddt**********************
08:10:22 05:07:33:PM: INFO: ******passed*****
08:10:22 05:14:37:PM: INFO: ****************Test_001_Login**********************
08:10:22 05:14:43:PM: INFO: ****************passed**************
08:10:22 05:17:58:PM: INFO: ****************Test_001_Login**********************
08:10:22 05:18:05:PM: INFO: ****************passed**************
08:10:22 05:18:37:PM: INFO: ****************Test_001_Login**********************
08:10:22 05:18:43:PM: INFO: ****************passed**************
08:10:22 05:21:56:PM: INFO: ****************Test_001_Login**********************
08:10:22 05:22:03:PM: INFO: ****************passed**************
08:10:22 05:23:04:PM: INFO: ****************Test_001_Login_ddt**********************
08:10:22 05:23:13:PM: INFO: ******passed*****
08:10:22 05:23:21:PM: INFO: ***pass***
08:10:22 05:23:26:PM: INFO: ***pass***
08:10:22 05:23:26:PM: INFO: ***ddt test pass****
08:10:22 05:26:57:PM: INFO: ****************Test_001_Login_ddt**********************
08:10:22 05:27:07:PM: INFO: ******passed*****
08:10:22 05:27:14:PM: INFO: ***pass***
08:10:22 05:27:18:PM: INFO: ***pass***
08:10:22 05:27:18:PM: INFO: ***ddt test pass****
08:10:22 05:31:55:PM: INFO: ****************Test_001_Login_ddt**********************
08:10:22 05:32:03:PM: INFO: ******passed*****
08:10:22 05:32:10:PM: INFO: ***pass***
08:10:22 05:32:14:PM: INFO: ***pass***
08:10:22 05:32:14:PM: INFO: ***ddt test pass****
08:10:22 05:32:33:PM: INFO: ****************Test_001_Login_ddt**********************
08:10:22 05:32:43:PM: INFO: ******passed*****
08:10:22 05:32:50:PM: INFO: ***pass***
08:10:22 05:32:54:PM: INFO: ***pass***
08:10:22 05:32:54:PM: INFO: ***ddt test pass****
